# JRE version: OpenJDK Runtime Environment (8.0_242-b01) (build 1.8.0_242-release-1644-b01)
# Java VM: OpenJDK 64-Bit Server VM (25.242-b01 mixed mode windows-amd64 compressed oops)
Heap:
 PSYoungGen      total 389120K, used 168920K [0x00000000d5580000, 0x00000000f0900000, 0x0000000100000000)
  eden space 332288K, 33% used [0x00000000d5580000,0x00000000dc2f9ae8,0x00000000e9a00000)
  from space 56832K, 99% used [0x00000000e9a00000,0x00000000ed17c6e8,0x00000000ed180000)
  to   space 29184K, 0% used [0x00000000ed700000,0x00000000ed700000,0x00000000ef380000)
 ParOldGen       total 200704K, used 109018K [0x0000000080000000, 0x000000008c400000, 0x00000000d5580000)
  object space 200704K, 54% used [0x0000000080000000,0x0000000086a76aa0,0x000000008c400000)
 Metaspace       used 132425K, capacity 139084K, committed 139480K, reserved 1171456K
  class space    used 17164K, capacity 18474K, committed 18688K, reserved 1048576K
GC Heap History (10 events):
Event: 3839.269 GC heap before
{Heap before GC invocations=28 (full 4):
 PSYoungGen      total 333824K, used 333451K [0x00000000d5580000, 0x00000000ef380000, 0x0000000100000000)
  eden space 305152K, 100% used [0x00000000d5580000,0x00000000e7f80000,0x00000000e7f80000)
  from space 28672K, 98% used [0x00000000ebb00000,0x00000000ed6a2e40,0x00000000ed700000)
  to   space 29184K, 0% used [0x00000000ed700000,0x00000000ed700000,0x00000000ef380000)
 ParOldGen       total 200704K, used 74007K [0x0000000080000000, 0x000000008c400000, 0x00000000d5580000)
  object space 200704K, 36% used [0x0000000080000000,0x0000000084845e80,0x000000008c400000)
 Metaspace       used 117147K, capacity 123358K, committed 123480K, reserved 1157120K
  class space    used 15216K, capacity 16445K, committed 16512K, reserved 1048576K
Event: 3839.505 GC heap after
Heap after GC invocations=28 (full 4):
 PSYoungGen      total 323584K, used 29174K [0x00000000d5580000, 0x00000000ef380000, 0x0000000100000000)
  eden space 294400K, 0% used [0x00000000d5580000,0x00000000d5580000,0x00000000e7500000)
  from space 29184K, 99% used [0x00000000ed700000,0x00000000ef37d988,0x00000000ef380000)
  to   space 62464K, 0% used [0x00000000e7980000,0x00000000e7980000,0x00000000eb680000)
 ParOldGen       total 200704K, used 113481K [0x0000000080000000, 0x000000008c400000, 0x00000000d5580000)
  object space 200704K, 56% used [0x0000000080000000,0x0000000086ed27e0,0x000000008c400000)
 Metaspace       used 117147K, capacity 123358K, committed 123480K, reserved 1157120K
  class space    used 15216K, capacity 16445K, committed 16512K, reserved 1048576K
}
Event: 3852.499 GC heap before
{Heap before GC invocations=29 (full 4):
 PSYoungGen      total 323584K, used 201002K [0x00000000d5580000, 0x00000000ef380000, 0x0000000100000000)
  eden space 294400K, 58% used [0x00000000d5580000,0x00000000dfd4cfa0,0x00000000e7500000)
  from space 29184K, 99% used [0x00000000ed700000,0x00000000ef37d988,0x00000000ef380000)
  to   space 62464K, 0% used [0x00000000e7980000,0x00000000e7980000,0x00000000eb680000)
 ParOldGen       total 200704K, used 113481K [0x0000000080000000, 0x000000008c400000, 0x00000000d5580000)
  object space 200704K, 56% used [0x0000000080000000,0x0000000086ed27e0,0x000000008c400000)
 Metaspace       used 121760K, capacity 128064K, committed 128088K, reserved 1165312K
  class space    used 15747K, capacity 17008K, committed 17024K, reserved 1048576K
Event: 3852.862 GC heap after
Heap after GC invocations=29 (full 4):
 PSYoungGen      total 356864K, used 25181K [0x00000000d5580000, 0x00000000ef380000, 0x0000000100000000)
  eden space 294400K, 0% used [0x00000000d5580000,0x00000000d5580000,0x00000000e7500000)
  from space 62464K, 40% used [0x00000000e7980000,0x00000000e9217570,0x00000000eb680000)
  to   space 29184K, 0% used [0x00000000ed700000,0x00000000ed700000,0x00000000ef380000)
 ParOldGen       total 200704K, used 128390K [0x0000000080000000, 0x000000008c400000, 0x00000000d5580000)
  object space 200704K, 63% used [0x0000000080000000,0x0000000087d61a80,0x000000008c400000)
 Metaspace       used 121760K, capacity 128064K, committed 128088K, reserved 1165312K
  class space    used 15747K, capacity 17008K, committed 17024K, reserved 1048576K
}
Event: 3852.863 GC heap before
{Heap before GC invocations=30 (full 5):
 PSYoungGen      total 356864K, used 25181K [0x00000000d5580000, 0x00000000ef380000, 0x0000000100000000)
  eden space 294400K, 0% used [0x00000000d5580000,0x00000000d5580000,0x00000000e7500000)
  from space 62464K, 40% used [0x00000000e7980000,0x00000000e9217570,0x00000000eb680000)
  to   space 29184K, 0% used [0x00000000ed700000,0x00000000ed700000,0x00000000ef380000)
 ParOldGen       total 200704K, used 128390K [0x0000000080000000, 0x000000008c400000, 0x00000000d5580000)
  object space 200704K, 63% used [0x0000000080000000,0x0000000087d61a80,0x000000008c400000)
 Metaspace       used 121760K, capacity 128064K, committed 128088K, reserved 1165312K
  class space    used 15747K, capacity 17008K, committed 17024K, reserved 1048576K
Event: 3855.195 GC heap after
Heap after GC invocations=30 (full 5):
 PSYoungGen      total 356864K, used 0K [0x00000000d5580000, 0x00000000ef380000, 0x0000000100000000)
  eden space 294400K, 0% used [0x00000000d5580000,0x00000000d5580000,0x00000000e7500000)
  from space 62464K, 0% used [0x00000000e7980000,0x00000000e7980000,0x00000000eb680000)
  to   space 29184K, 0% used [0x00000000ed700000,0x00000000ed700000,0x00000000ef380000)
 ParOldGen       total 200704K, used 68040K [0x0000000080000000, 0x000000008c400000, 0x00000000d5580000)
  object space 200704K, 33% used [0x0000000080000000,0x0000000084272188,0x000000008c400000)
 Metaspace       used 120966K, capacity 126408K, committed 128088K, reserved 1163264K
  class space    used 15568K, capacity 16696K, committed 17024K, reserved 1048576K
}
Event: 3860.592 GC heap before
{Heap before GC invocations=31 (full 5):
 PSYoungGen      total 356864K, used 294400K [0x00000000d5580000, 0x00000000ef380000, 0x0000000100000000)
  eden space 294400K, 100% used [0x00000000d5580000,0x00000000e7500000,0x00000000e7500000)
  from space 62464K, 0% used [0x00000000e7980000,0x00000000e7980000,0x00000000eb680000)
  to   space 29184K, 0% used [0x00000000ed700000,0x00000000ed700000,0x00000000ef380000)
 ParOldGen       total 200704K, used 68040K [0x0000000080000000, 0x000000008c400000, 0x00000000d5580000)
  object space 200704K, 33% used [0x0000000080000000,0x0000000084272188,0x000000008c400000)
 Metaspace       used 129797K, capacity 135994K, committed 136536K, reserved 1169408K
  class space    used 16862K, capacity 18103K, committed 18304K, reserved 1048576K
Event: 3860.622 GC heap after
Heap after GC invocations=31 (full 5):
 PSYoungGen      total 361472K, used 18924K [0x00000000d5580000, 0x00000000f0900000, 0x0000000100000000)
  eden space 332288K, 0% used [0x00000000d5580000,0x00000000d5580000,0x00000000e9a00000)
  from space 29184K, 64% used [0x00000000ed700000,0x00000000ee97b2a8,0x00000000ef380000)
  to   space 56832K, 0% used [0x00000000e9a00000,0x00000000e9a00000,0x00000000ed180000)
 ParOldGen       total 200704K, used 68048K [0x0000000080000000, 0x000000008c400000, 0x00000000d5580000)
  object space 200704K, 33% used [0x0000000080000000,0x0000000084274188,0x000000008c400000)
 Metaspace       used 129797K, capacity 135994K, committed 136536K, reserved 1169408K
  class space    used 16862K, capacity 18103K, committed 18304K, reserved 1048576K
}
Event: 3864.104 GC heap before
{Heap before GC invocations=32 (full 5):
 PSYoungGen      total 361472K, used 351212K [0x00000000d5580000, 0x00000000f0900000, 0x0000000100000000)
  eden space 332288K, 100% used [0x00000000d5580000,0x00000000e9a00000,0x00000000e9a00000)
  from space 29184K, 64% used [0x00000000ed700000,0x00000000ee97b2a8,0x00000000ef380000)
  to   space 56832K, 0% used [0x00000000e9a00000,0x00000000e9a00000,0x00000000ed180000)
 ParOldGen       total 200704K, used 68048K [0x0000000080000000, 0x000000008c400000, 0x00000000d5580000)
  object space 200704K, 33% used [0x0000000080000000,0x0000000084274188,0x000000008c400000)
 Metaspace       used 132212K, capacity 138892K, committed 139224K, reserved 1171456K
  class space    used 17157K, capacity 18474K, committed 18688K, reserved 1048576K
Event: 3864.673 GC heap after
Heap after GC invocations=32 (full 5):
 PSYoungGen      total 389120K, used 56817K [0x00000000d5580000, 0x00000000f0900000, 0x0000000100000000)
  eden space 332288K, 0% used [0x00000000d5580000,0x00000000d5580000,0x00000000e9a00000)
  from space 56832K, 99% used [0x00000000e9a00000,0x00000000ed17c6e8,0x00000000ed180000)
  to   space 29184K, 0% used [0x00000000ed700000,0x00000000ed700000,0x00000000ef380000)
 ParOldGen       total 200704K, used 109018K [0x0000000080000000, 0x000000008c400000, 0x00000000d5580000)
  object space 200704K, 54% used [0x0000000080000000,0x0000000086a76aa0,0x000000008c400000)
 Metaspace       used 132212K, capacity 138892K, committed 139224K, reserved 1171456K
  class space    used 17157K, capacity 18474K, committed 18688K, reserved 1048576K
}

