# JRE version: OpenJDK Runtime Environment (8.0_242-b01) (build 1.8.0_242-release-1644-b01)
# Java VM: OpenJDK 64-Bit Server VM (25.242-b01 mixed mode windows-amd64 compressed oops)
Heap:
 PSYoungGen      total 391168K, used 324900K [0x00000000d5580000, 0x00000000f0280000, 0x0000000100000000)
  eden space 359424K, 84% used [0x00000000d5580000,0x00000000e7eb2cb0,0x00000000eb480000)
  from space 31744K, 64% used [0x00000000ee380000,0x00000000ef796448,0x00000000f0280000)
  to   space 39936K, 0% used [0x00000000eb480000,0x00000000eb480000,0x00000000edb80000)
 ParOldGen       total 111616K, used 61930K [0x0000000080000000, 0x0000000086d00000, 0x00000000d5580000)
  object space 111616K, 55% used [0x0000000080000000,0x0000000083c7aba8,0x0000000086d00000)
 Metaspace       used 88310K, capacity 94856K, committed 95064K, reserved 1130496K
  class space    used 12356K, capacity 13636K, committed 13696K, reserved 1048576K
GC Heap History (10 events):
Event: 16.559 GC heap before
{Heap before GC invocations=15 (full 3):
 PSYoungGen      total 237056K, used 2016K [0x00000000d5580000, 0x00000000e5d80000, 0x0000000100000000)
  eden space 217088K, 0% used [0x00000000d5580000,0x00000000d5580000,0x00000000e2980000)
  from space 19968K, 10% used [0x00000000e3d80000,0x00000000e3f78000,0x00000000e5100000)
  to   space 20480K, 0% used [0x00000000e2980000,0x00000000e2980000,0x00000000e3d80000)
 ParOldGen       total 74240K, used 41811K [0x0000000080000000, 0x0000000084880000, 0x00000000d5580000)
  object space 74240K, 56% used [0x0000000080000000,0x00000000828d4cb0,0x0000000084880000)
 Metaspace       used 56459K, capacity 58800K, committed 58968K, reserved 1099776K
  class space    used 7725K, capacity 8207K, committed 8320K, reserved 1048576K
Event: 16.936 GC heap after
Heap after GC invocations=15 (full 3):
 PSYoungGen      total 237056K, used 0K [0x00000000d5580000, 0x00000000e5d80000, 0x0000000100000000)
  eden space 217088K, 0% used [0x00000000d5580000,0x00000000d5580000,0x00000000e2980000)
  from space 19968K, 0% used [0x00000000e3d80000,0x00000000e3d80000,0x00000000e5100000)
  to   space 20480K, 0% used [0x00000000e2980000,0x00000000e2980000,0x00000000e3d80000)
 ParOldGen       total 111616K, used 30156K [0x0000000080000000, 0x0000000086d00000, 0x00000000d5580000)
  object space 111616K, 27% used [0x0000000080000000,0x0000000081d73260,0x0000000086d00000)
 Metaspace       used 56436K, capacity 58722K, committed 58968K, reserved 1099776K
  class space    used 7718K, capacity 8194K, committed 8320K, reserved 1048576K
}
Event: 20.578 GC heap before
{Heap before GC invocations=16 (full 3):
 PSYoungGen      total 237056K, used 217088K [0x00000000d5580000, 0x00000000e5d80000, 0x0000000100000000)
  eden space 217088K, 100% used [0x00000000d5580000,0x00000000e2980000,0x00000000e2980000)
  from space 19968K, 0% used [0x00000000e3d80000,0x00000000e3d80000,0x00000000e5100000)
  to   space 20480K, 0% used [0x00000000e2980000,0x00000000e2980000,0x00000000e3d80000)
 ParOldGen       total 111616K, used 30156K [0x0000000080000000, 0x0000000086d00000, 0x00000000d5580000)
  object space 111616K, 27% used [0x0000000080000000,0x0000000081d73260,0x0000000086d00000)
 Metaspace       used 64143K, capacity 67378K, committed 67672K, reserved 1107968K
  class space    used 8866K, capacity 9492K, committed 9600K, reserved 1048576K
Event: 20.699 GC heap after
Heap after GC invocations=16 (full 3):
 PSYoungGen      total 237568K, used 18179K [0x00000000d5580000, 0x00000000e9280000, 0x0000000100000000)
  eden space 217088K, 0% used [0x00000000d5580000,0x00000000d5580000,0x00000000e2980000)
  from space 20480K, 88% used [0x00000000e2980000,0x00000000e3b40d90,0x00000000e3d80000)
  to   space 22528K, 0% used [0x00000000e7c80000,0x00000000e7c80000,0x00000000e9280000)
 ParOldGen       total 111616K, used 30164K [0x0000000080000000, 0x0000000086d00000, 0x00000000d5580000)
  object space 111616K, 27% used [0x0000000080000000,0x0000000081d75260,0x0000000086d00000)
 Metaspace       used 64143K, capacity 67378K, committed 67672K, reserved 1107968K
  class space    used 8866K, capacity 9492K, committed 9600K, reserved 1048576K
}
Event: 27.446 GC heap before
{Heap before GC invocations=17 (full 3):
 PSYoungGen      total 237568K, used 235267K [0x00000000d5580000, 0x00000000e9280000, 0x0000000100000000)
  eden space 217088K, 100% used [0x00000000d5580000,0x00000000e2980000,0x00000000e2980000)
  from space 20480K, 88% used [0x00000000e2980000,0x00000000e3b40d90,0x00000000e3d80000)
  to   space 22528K, 0% used [0x00000000e7c80000,0x00000000e7c80000,0x00000000e9280000)
 ParOldGen       total 111616K, used 30164K [0x0000000080000000, 0x0000000086d00000, 0x00000000d5580000)
  object space 111616K, 27% used [0x0000000080000000,0x0000000081d75260,0x0000000086d00000)
 Metaspace       used 69978K, capacity 73582K, committed 73688K, reserved 1112064K
  class space    used 9569K, capacity 10220K, committed 10240K, reserved 1048576K
Event: 27.512 GC heap after
Heap after GC invocations=17 (full 3):
 PSYoungGen      total 295936K, used 22506K [0x00000000d5580000, 0x00000000e9680000, 0x0000000100000000)
  eden space 273408K, 0% used [0x00000000d5580000,0x00000000d5580000,0x00000000e6080000)
  from space 22528K, 99% used [0x00000000e7c80000,0x00000000e927a820,0x00000000e9280000)
  to   space 27648K, 0% used [0x00000000e6080000,0x00000000e6080000,0x00000000e7b80000)
 ParOldGen       total 111616K, used 34297K [0x0000000080000000, 0x0000000086d00000, 0x00000000d5580000)
  object space 111616K, 30% used [0x0000000080000000,0x000000008217e750,0x0000000086d00000)
 Metaspace       used 69978K, capacity 73582K, committed 73688K, reserved 1112064K
  class space    used 9569K, capacity 10220K, committed 10240K, reserved 1048576K
}
Event: 30.584 GC heap before
{Heap before GC invocations=18 (full 3):
 PSYoungGen      total 295936K, used 295914K [0x00000000d5580000, 0x00000000e9680000, 0x0000000100000000)
  eden space 273408K, 100% used [0x00000000d5580000,0x00000000e6080000,0x00000000e6080000)
  from space 22528K, 99% used [0x00000000e7c80000,0x00000000e927a820,0x00000000e9280000)
  to   space 27648K, 0% used [0x00000000e6080000,0x00000000e6080000,0x00000000e7b80000)
 ParOldGen       total 111616K, used 34297K [0x0000000080000000, 0x0000000086d00000, 0x00000000d5580000)
  object space 111616K, 30% used [0x0000000080000000,0x000000008217e750,0x0000000086d00000)
 Metaspace       used 75597K, capacity 79320K, committed 79576K, reserved 1118208K
  class space    used 10237K, capacity 10892K, committed 11008K, reserved 1048576K
Event: 30.916 GC heap after
Heap after GC invocations=18 (full 3):
 PSYoungGen      total 301056K, used 27631K [0x00000000d5580000, 0x00000000f0b00000, 0x0000000100000000)
  eden space 273408K, 0% used [0x00000000d5580000,0x00000000d5580000,0x00000000e6080000)
  from space 27648K, 99% used [0x00000000e6080000,0x00000000e7b7bc18,0x00000000e7b80000)
  to   space 40448K, 0% used [0x00000000ee380000,0x00000000ee380000,0x00000000f0b00000)
 ParOldGen       total 111616K, used 56555K [0x0000000080000000, 0x0000000086d00000, 0x00000000d5580000)
  object space 111616K, 50% used [0x0000000080000000,0x000000008373ac70,0x0000000086d00000)
 Metaspace       used 75597K, capacity 79320K, committed 79576K, reserved 1118208K
  class space    used 10237K, capacity 10892K, committed 11008K, reserved 1048576K
}
Event: 34.391 GC heap before
{Heap before GC invocations=19 (full 3):
 PSYoungGen      total 301056K, used 301039K [0x00000000d5580000, 0x00000000f0b00000, 0x0000000100000000)
  eden space 273408K, 100% used [0x00000000d5580000,0x00000000e6080000,0x00000000e6080000)
  from space 27648K, 99% used [0x00000000e6080000,0x00000000e7b7bc18,0x00000000e7b80000)
  to   space 40448K, 0% used [0x00000000ee380000,0x00000000ee380000,0x00000000f0b00000)
 ParOldGen       total 111616K, used 56555K [0x0000000080000000, 0x0000000086d00000, 0x00000000d5580000)
  object space 111616K, 50% used [0x0000000080000000,0x000000008373ac70,0x0000000086d00000)
 Metaspace       used 85937K, capacity 92198K, committed 92376K, reserved 1128448K
  class space    used 12008K, capacity 13249K, committed 13312K, reserved 1048576K
Event: 34.436 GC heap after
Heap after GC invocations=19 (full 3):
 PSYoungGen      total 391168K, used 20569K [0x00000000d5580000, 0x00000000f0280000, 0x0000000100000000)
  eden space 359424K, 0% used [0x00000000d5580000,0x00000000d5580000,0x00000000eb480000)
  from space 31744K, 64% used [0x00000000ee380000,0x00000000ef796448,0x00000000f0280000)
  to   space 39936K, 0% used [0x00000000eb480000,0x00000000eb480000,0x00000000edb80000)
 ParOldGen       total 111616K, used 61930K [0x0000000080000000, 0x0000000086d00000, 0x00000000d5580000)
  object space 111616K, 55% used [0x0000000080000000,0x0000000083c7aba8,0x0000000086d00000)
 Metaspace       used 85937K, capacity 92198K, committed 92376K, reserved 1128448K
  class space    used 12008K, capacity 13249K, committed 13312K, reserved 1048576K
}

